[2019-08-07 23:32:27:692] [,,,] [INFO] - org.springframework.boot.StartupInfoLogger.logStarting(StartupInfoLogger.java:50) - Starting CustomerApplication on EDML160ada488.local with PID 89083 (/Users/vkamble/dev/biztrack-vkamble/customer/target/classes started by vkamble in /Users/vkamble/dev/biztrack-vkamble/customer)
[2019-08-07 23:32:27:699] [,,,] [INFO] - org.springframework.boot.SpringApplication.logStartupProfileInfo(SpringApplication.java:646) - No active profile set, falling back to default profiles: default
[2019-08-07 23:32:27:733] [,,,] [INFO] - org.springframework.boot.logging.DeferredLog.logTo(DeferredLog.java:225) - Devtools property defaults active! Set 'spring.devtools.add-properties' to 'false' to disable
[2019-08-07 23:32:27:734] [,,,] [INFO] - org.springframework.boot.logging.DeferredLog.logTo(DeferredLog.java:225) - For additional web related logging consider setting the 'logging.level.web' property to 'DEBUG'
[2019-08-07 23:32:28:520] [,,,] [INFO] - org.springframework.data.repository.config.RepositoryConfigurationDelegate.registerRepositoriesIn(RepositoryConfigurationDelegate.java:126) - Bootstrapping Spring Data repositories in DEFAULT mode.
[2019-08-07 23:32:28:578] [,,,] [INFO] - org.springframework.data.repository.config.RepositoryConfigurationDelegate.registerRepositoriesIn(RepositoryConfigurationDelegate.java:182) - Finished Spring Data repository scanning in 50ms. Found 1 repository interfaces.
[2019-08-07 23:32:28:877] [,,,] [INFO] - org.springframework.context.support.PostProcessorRegistrationDelegate$BeanPostProcessorChecker.postProcessAfterInitialization(PostProcessorRegistrationDelegate.java:330) - Bean 'org.springframework.transaction.annotation.ProxyTransactionManagementConfiguration' of type [org.springframework.transaction.annotation.ProxyTransactionManagementConfiguration$$EnhancerBySpringCGLIB$$3cd81757] is not eligible for getting processed by all BeanPostProcessors (for example: not eligible for auto-proxying)
[2019-08-07 23:32:29:177] [,,,] [INFO] - org.springframework.boot.web.embedded.tomcat.TomcatWebServer.initialize(TomcatWebServer.java:90) - Tomcat initialized with port(s): 8082 (http)
[2019-08-07 23:32:29:188] [,,,] [INFO] - org.apache.juli.logging.DirectJDKLog.log(DirectJDKLog.java:173) - Initializing ProtocolHandler ["http-nio-8082"]
[2019-08-07 23:32:29:195] [,,,] [INFO] - org.apache.juli.logging.DirectJDKLog.log(DirectJDKLog.java:173) - Starting service [Tomcat]
[2019-08-07 23:32:29:195] [,,,] [INFO] - org.apache.juli.logging.DirectJDKLog.log(DirectJDKLog.java:173) - Starting Servlet engine: [Apache Tomcat/9.0.21]
[2019-08-07 23:32:29:271] [,,,] [INFO] - org.apache.juli.logging.DirectJDKLog.log(DirectJDKLog.java:173) - Initializing Spring embedded WebApplicationContext
[2019-08-07 23:32:29:271] [,,,] [INFO] - org.springframework.boot.web.servlet.context.ServletWebServerApplicationContext.prepareWebApplicationContext(ServletWebServerApplicationContext.java:283) - Root WebApplicationContext: initialization completed in 1537 ms
[2019-08-07 23:32:29:763] [,,,] [INFO] - com.zaxxer.hikari.HikariDataSource.getConnection(HikariDataSource.java:110) - HikariPool-1 - Starting...
[2019-08-07 23:32:29:843] [,,,] [INFO] - com.zaxxer.hikari.HikariDataSource.getConnection(HikariDataSource.java:123) - HikariPool-1 - Start completed.
[2019-08-07 23:32:29:884] [,,,] [INFO] - org.hibernate.jpa.internal.util.LogHelper.logPersistenceUnitInformation(LogHelper.java:31) - HHH000204: Processing PersistenceUnitInfo [
	name: default
	...]
[2019-08-07 23:32:29:939] [,,,] [INFO] - org.hibernate.Version.logVersion(Version.java:46) - HHH000412: Hibernate Core {5.3.10.Final}
[2019-08-07 23:32:29:941] [,,,] [INFO] - org.hibernate.cfg.Environment.<clinit>(Environment.java:213) - HHH000206: hibernate.properties not found
[2019-08-07 23:32:30:075] [,,,] [INFO] - org.hibernate.annotations.common.reflection.java.JavaReflectionManager.<clinit>(JavaReflectionManager.java:49) - HCANN000001: Hibernate Commons Annotations {5.0.4.Final}
[2019-08-07 23:32:30:165] [,,,] [INFO] - org.hibernate.dialect.Dialect.<init>(Dialect.java:157) - HHH000400: Using dialect: org.hibernate.dialect.H2Dialect
[2019-08-07 23:32:30:561] [,,,] [INFO] - org.hibernate.tool.schema.internal.SchemaCreatorImpl.applyImportSources(SchemaCreatorImpl.java:489) - HHH000476: Executing import script 'org.hibernate.tool.schema.internal.exec.ScriptSourceInputNonExistentImpl@3a5293c7'
[2019-08-07 23:32:30:564] [,,,] [INFO] - org.springframework.orm.jpa.AbstractEntityManagerFactoryBean.buildNativeEntityManagerFactory(AbstractEntityManagerFactoryBean.java:415) - Initialized JPA EntityManagerFactory for persistence unit 'default'
[2019-08-07 23:32:30:592] [,,,] [INFO] - org.springframework.boot.devtools.autoconfigure.OptionalLiveReloadServer.startServer(OptionalLiveReloadServer.java:57) - LiveReload server is running on port 35729
[2019-08-07 23:32:30:928] [,,,] [INFO] - org.springframework.scheduling.concurrent.ExecutorConfigurationSupport.initialize(ExecutorConfigurationSupport.java:171) - Initializing ExecutorService 'applicationTaskExecutor'
[2019-08-07 23:32:30:959] [,,,] [WARN] - org.springframework.boot.autoconfigure.orm.jpa.JpaBaseConfiguration$JpaWebConfiguration$JpaWebMvcConfiguration.openEntityManagerInViewInterceptor(JpaBaseConfiguration.java:225) - spring.jpa.open-in-view is enabled by default. Therefore, database queries may be performed during view rendering. Explicitly configure spring.jpa.open-in-view to disable this warning
[2019-08-07 23:32:31:191] [,,,] [INFO] - org.springframework.boot.actuate.endpoint.web.EndpointLinksResolver.<init>(EndpointLinksResolver.java:58) - Exposing 15 endpoint(s) beneath base path '/actuator'
[2019-08-07 23:32:31:234] [,,,] [INFO] - org.apache.juli.logging.DirectJDKLog.log(DirectJDKLog.java:173) - Starting ProtocolHandler ["http-nio-8082"]
[2019-08-07 23:32:31:262] [,,,] [INFO] - org.springframework.boot.web.embedded.tomcat.TomcatWebServer.start(TomcatWebServer.java:202) - Tomcat started on port(s): 8082 (http) with context path ''
[2019-08-07 23:32:31:265] [,,,] [INFO] - org.springframework.boot.StartupInfoLogger.logStarted(StartupInfoLogger.java:59) - Started CustomerApplication in 4.163 seconds (JVM running for 4.967)
[2019-08-07 23:32:31:607] [,,,] [INFO] - org.apache.juli.logging.DirectJDKLog.log(DirectJDKLog.java:173) - Initializing Spring DispatcherServlet 'dispatcherServlet'
[2019-08-07 23:32:31:607] [,,,] [INFO] - org.springframework.web.servlet.FrameworkServlet.initServletBean(FrameworkServlet.java:524) - Initializing Servlet 'dispatcherServlet'
[2019-08-07 23:32:31:616] [,,,] [INFO] - org.springframework.web.servlet.FrameworkServlet.initServletBean(FrameworkServlet.java:546) - Completed initialization in 8 ms
[2019-08-07 23:32:38:497] [,,,] [INFO] - com.intuit.vkamble.biztrack.customer.intercepters.RequestInterceptor.afterCompletion(RequestInterceptor.java:28) - {"request":{"method":"POST","path":"/v1/customers","contentType":"application/json","length":"88"},"response":{"status":200,"contentType":"application/json;charset=UTF-8"}}
[2019-08-07 23:33:19:056] [,,,] [INFO] - org.springframework.scheduling.concurrent.ExecutorConfigurationSupport.shutdown(ExecutorConfigurationSupport.java:208) - Shutting down ExecutorService 'applicationTaskExecutor'
[2019-08-07 23:33:19:058] [,,,] [INFO] - org.springframework.orm.jpa.AbstractEntityManagerFactoryBean.destroy(AbstractEntityManagerFactoryBean.java:597) - Closing JPA EntityManagerFactory for persistence unit 'default'
[2019-08-07 23:33:19:058] [,,,] [INFO] - org.hibernate.tool.schema.internal.SchemaDropperImpl$DelayedDropActionImpl.perform(SchemaDropperImpl.java:524) - HHH000477: Starting delayed evictData of schema as part of SessionFactory shut-down'
[2019-08-07 23:33:19:074] [,,,] [INFO] - org.springframework.beans.factory.support.DisposableBeanAdapter.destroy(DisposableBeanAdapter.java:267) - Invocation of destroy method failed on bean with name 'inMemoryDatabaseShutdownExecutor': org.h2.jdbc.JdbcSQLNonTransientConnectionException: Database is already closed (to disable automatic closing at VM shutdown, add ";DB_CLOSE_ON_EXIT=FALSE" to the db URL) [90121-199]
[2019-08-07 23:33:19:074] [,,,] [INFO] - com.zaxxer.hikari.HikariDataSource.close(HikariDataSource.java:350) - HikariPool-1 - Shutdown initiated...
[2019-08-07 23:33:19:077] [,,,] [INFO] - com.zaxxer.hikari.HikariDataSource.close(HikariDataSource.java:352) - HikariPool-1 - Shutdown completed.
