2019-08-07 23:33:28,351 INFO org.springframework.boot.StartupInfoLogger [restartedMain] Starting CustomerApplication on EDML160ada488.local with PID 90700 (/Users/vkamble/dev/biztrack-vkamble/customer/target/classes started by vkamble in /Users/vkamble/dev/biztrack-vkamble/customer)
2019-08-07 23:33:28,354 INFO org.springframework.boot.SpringApplication [restartedMain] No active profile set, falling back to default profiles: default
2019-08-07 23:33:28,394 INFO org.springframework.boot.logging.DeferredLog [restartedMain] Devtools property defaults active! Set 'spring.devtools.add-properties' to 'false' to disable
2019-08-07 23:33:28,395 INFO org.springframework.boot.logging.DeferredLog [restartedMain] For additional web related logging consider setting the 'logging.level.web' property to 'DEBUG'
2019-08-07 23:33:29,286 INFO org.springframework.data.repository.config.RepositoryConfigurationDelegate [restartedMain] Bootstrapping Spring Data repositories in DEFAULT mode.
2019-08-07 23:33:29,342 INFO org.springframework.data.repository.config.RepositoryConfigurationDelegate [restartedMain] Finished Spring Data repository scanning in 49ms. Found 1 repository interfaces.
2019-08-07 23:33:29,690 INFO org.springframework.context.support.PostProcessorRegistrationDelegate$BeanPostProcessorChecker [restartedMain] Bean 'org.springframework.transaction.annotation.ProxyTransactionManagementConfiguration' of type [org.springframework.transaction.annotation.ProxyTransactionManagementConfiguration$$EnhancerBySpringCGLIB$$b249d2cc] is not eligible for getting processed by all BeanPostProcessors (for example: not eligible for auto-proxying)
2019-08-07 23:33:30,009 INFO org.springframework.boot.web.embedded.tomcat.TomcatWebServer [restartedMain] Tomcat initialized with port(s): 8082 (http)
2019-08-07 23:33:30,025 INFO org.apache.juli.logging.DirectJDKLog [restartedMain] Initializing ProtocolHandler ["http-nio-8082"]
2019-08-07 23:33:30,036 INFO org.apache.juli.logging.DirectJDKLog [restartedMain] Starting service [Tomcat]
2019-08-07 23:33:30,036 INFO org.apache.juli.logging.DirectJDKLog [restartedMain] Starting Servlet engine: [Apache Tomcat/9.0.21]
2019-08-07 23:33:30,112 INFO org.apache.juli.logging.DirectJDKLog [restartedMain] Initializing Spring embedded WebApplicationContext
2019-08-07 23:33:30,113 INFO org.springframework.boot.web.servlet.context.ServletWebServerApplicationContext [restartedMain] Root WebApplicationContext: initialization completed in 1718 ms
2019-08-07 23:33:30,574 INFO com.zaxxer.hikari.HikariDataSource [restartedMain] HikariPool-1 - Starting...
2019-08-07 23:33:30,649 INFO com.zaxxer.hikari.HikariDataSource [restartedMain] HikariPool-1 - Start completed.
2019-08-07 23:33:30,695 INFO org.hibernate.jpa.internal.util.LogHelper [restartedMain] HHH000204: Processing PersistenceUnitInfo [
	name: default
	...]
2019-08-07 23:33:30,742 INFO org.hibernate.Version [restartedMain] HHH000412: Hibernate Core {5.3.10.Final}
2019-08-07 23:33:30,743 INFO org.hibernate.cfg.Environment [restartedMain] HHH000206: hibernate.properties not found
2019-08-07 23:33:30,865 INFO org.hibernate.annotations.common.reflection.java.JavaReflectionManager [restartedMain] HCANN000001: Hibernate Commons Annotations {5.0.4.Final}
2019-08-07 23:33:30,968 INFO org.hibernate.dialect.Dialect [restartedMain] HHH000400: Using dialect: org.hibernate.dialect.H2Dialect
2019-08-07 23:33:31,415 INFO org.hibernate.tool.schema.internal.SchemaCreatorImpl [restartedMain] HHH000476: Executing import script 'org.hibernate.tool.schema.internal.exec.ScriptSourceInputNonExistentImpl@5d4c6c29'
2019-08-07 23:33:31,418 INFO org.springframework.orm.jpa.AbstractEntityManagerFactoryBean [restartedMain] Initialized JPA EntityManagerFactory for persistence unit 'default'
2019-08-07 23:33:31,449 INFO org.springframework.boot.devtools.autoconfigure.OptionalLiveReloadServer [restartedMain] LiveReload server is running on port 35729
2019-08-07 23:33:31,807 INFO org.springframework.scheduling.concurrent.ExecutorConfigurationSupport [restartedMain] Initializing ExecutorService 'applicationTaskExecutor'
2019-08-07 23:33:31,839 WARN org.springframework.boot.autoconfigure.orm.jpa.JpaBaseConfiguration$JpaWebConfiguration$JpaWebMvcConfiguration [restartedMain] spring.jpa.open-in-view is enabled by default. Therefore, database queries may be performed during view rendering. Explicitly configure spring.jpa.open-in-view to disable this warning
2019-08-07 23:33:32,080 INFO org.springframework.boot.actuate.endpoint.web.EndpointLinksResolver [restartedMain] Exposing 15 endpoint(s) beneath base path '/actuator'
2019-08-07 23:33:32,131 INFO org.apache.juli.logging.DirectJDKLog [restartedMain] Starting ProtocolHandler ["http-nio-8082"]
2019-08-07 23:33:32,168 INFO org.springframework.boot.web.embedded.tomcat.TomcatWebServer [restartedMain] Tomcat started on port(s): 8082 (http) with context path ''
2019-08-07 23:33:32,172 INFO org.springframework.boot.StartupInfoLogger [restartedMain] Started CustomerApplication in 4.208 seconds (JVM running for 5.019)
2019-08-07 23:33:32,352 INFO org.apache.juli.logging.DirectJDKLog [RMI TCP Connection(2)-172.26.244.236] Initializing Spring DispatcherServlet 'dispatcherServlet'
2019-08-07 23:33:32,353 INFO org.springframework.web.servlet.FrameworkServlet [RMI TCP Connection(2)-172.26.244.236] Initializing Servlet 'dispatcherServlet'
2019-08-07 23:33:32,363 INFO org.springframework.web.servlet.FrameworkServlet [RMI TCP Connection(2)-172.26.244.236] Completed initialization in 10 ms
2019-08-07 23:33:41,892 INFO com.intuit.vkamble.biztrack.customer.intercepters.RequestInterceptor [http-nio-8082-exec-2] {"request":{"method":"POST","path":"/v1/customers","contentType":"application/json","length":"88"},"response":{"status":200,"contentType":"application/json;charset=UTF-8"}}
2019-08-07 23:35:05,249 INFO org.springframework.scheduling.concurrent.ExecutorConfigurationSupport [Thread-17] Shutting down ExecutorService 'applicationTaskExecutor'
2019-08-07 23:35:05,250 INFO org.springframework.orm.jpa.AbstractEntityManagerFactoryBean [Thread-17] Closing JPA EntityManagerFactory for persistence unit 'default'
2019-08-07 23:35:05,252 INFO org.hibernate.tool.schema.internal.SchemaDropperImpl$DelayedDropActionImpl [Thread-17] HHH000477: Starting delayed evictData of schema as part of SessionFactory shut-down'
2019-08-07 23:35:05,266 INFO org.springframework.beans.factory.support.DisposableBeanAdapter [Thread-17] Invocation of destroy method failed on bean with name 'inMemoryDatabaseShutdownExecutor': org.h2.jdbc.JdbcSQLNonTransientConnectionException: Database is already closed (to disable automatic closing at VM shutdown, add ";DB_CLOSE_ON_EXIT=FALSE" to the db URL) [90121-199]
2019-08-07 23:35:05,267 INFO com.zaxxer.hikari.HikariDataSource [Thread-17] HikariPool-1 - Shutdown initiated...
2019-08-07 23:35:05,269 INFO com.zaxxer.hikari.HikariDataSource [Thread-17] HikariPool-1 - Shutdown completed.
2019-08-07 23:35:09,062 ERROR org.springframework.boot.SpringApplication [restartedMain] Application run failed
java.lang.IllegalStateException: Logback configuration error detected: 
ERROR in ch.qos.logback.core.joran.spi.Interpreter@15:18 - RuntimeException in Action for tag [layout] java.lang.NumberFormatException: For input string: "-"
ERROR in ch.qos.logback.core.ConsoleAppender[Console] - No encoder set for the appender named "Console".
	at org.springframework.boot.logging.logback.LogbackLoggingSystem.loadConfiguration(LogbackLoggingSystem.java:166)
	at org.springframework.boot.logging.AbstractLoggingSystem.initializeWithConventions(AbstractLoggingSystem.java:79)
	at org.springframework.boot.logging.AbstractLoggingSystem.initialize(AbstractLoggingSystem.java:59)
	at org.springframework.boot.logging.logback.LogbackLoggingSystem.initialize(LogbackLoggingSystem.java:117)
	at org.springframework.boot.context.logging.LoggingApplicationListener.initializeSystem(LoggingApplicationListener.java:279)
	at org.springframework.boot.context.logging.LoggingApplicationListener.initialize(LoggingApplicationListener.java:254)
	at org.springframework.boot.context.logging.LoggingApplicationListener.onApplicationEnvironmentPreparedEvent(LoggingApplicationListener.java:219)
	at org.springframework.boot.context.logging.LoggingApplicationListener.onApplicationEvent(LoggingApplicationListener.java:196)
	at org.springframework.context.event.SimpleApplicationEventMulticaster.doInvokeListener(SimpleApplicationEventMulticaster.java:172)
	at org.springframework.context.event.SimpleApplicationEventMulticaster.invokeListener(SimpleApplicationEventMulticaster.java:165)
	at org.springframework.context.event.SimpleApplicationEventMulticaster.multicastEvent(SimpleApplicationEventMulticaster.java:139)
	at org.springframework.context.event.SimpleApplicationEventMulticaster.multicastEvent(SimpleApplicationEventMulticaster.java:127)
	at org.springframework.boot.context.event.EventPublishingRunListener.environmentPrepared(EventPublishingRunListener.java:75)
	at org.springframework.boot.SpringApplicationRunListeners.environmentPrepared(SpringApplicationRunListeners.java:53)
	at org.springframework.boot.SpringApplication.prepareEnvironment(SpringApplication.java:340)
	at org.springframework.boot.SpringApplication.run(SpringApplication.java:304)
	at org.springframework.boot.SpringApplication.run(SpringApplication.java:1213)
	at org.springframework.boot.SpringApplication.run(SpringApplication.java:1202)
	at com.intuit.vkamble.biztrack.customer.CustomerApplication.main(CustomerApplication.java:10)
	at sun.reflect.NativeMethodAccessorImpl.invoke0(Native Method)
	at sun.reflect.NativeMethodAccessorImpl.invoke(NativeMethodAccessorImpl.java:62)
	at sun.reflect.DelegatingMethodAccessorImpl.invoke(DelegatingMethodAccessorImpl.java:43)
	at java.lang.reflect.Method.invoke(Method.java:498)
	at org.springframework.boot.devtools.restart.RestartLauncher.run(RestartLauncher.java:49)
2019-08-07 23:35:32,414 INFO org.springframework.boot.StartupInfoLogger [restartedMain] Starting CustomerApplication on EDML160ada488.local with PID 92113 (/Users/vkamble/dev/biztrack-vkamble/customer/target/classes started by vkamble in /Users/vkamble/dev/biztrack-vkamble/customer)
2019-08-07 23:35:32,417 INFO org.springframework.boot.SpringApplication [restartedMain] No active profile set, falling back to default profiles: default
2019-08-07 23:35:32,447 INFO org.springframework.boot.logging.DeferredLog [restartedMain] Devtools property defaults active! Set 'spring.devtools.add-properties' to 'false' to disable
2019-08-07 23:35:32,447 INFO org.springframework.boot.logging.DeferredLog [restartedMain] For additional web related logging consider setting the 'logging.level.web' property to 'DEBUG'
2019-08-07 23:35:33,375 INFO org.springframework.data.repository.config.RepositoryConfigurationDelegate [restartedMain] Bootstrapping Spring Data repositories in DEFAULT mode.
2019-08-07 23:35:33,422 INFO org.springframework.data.repository.config.RepositoryConfigurationDelegate [restartedMain] Finished Spring Data repository scanning in 40ms. Found 1 repository interfaces.
2019-08-07 23:35:33,748 INFO org.springframework.context.support.PostProcessorRegistrationDelegate$BeanPostProcessorChecker [restartedMain] Bean 'org.springframework.transaction.annotation.ProxyTransactionManagementConfiguration' of type [org.springframework.transaction.annotation.ProxyTransactionManagementConfiguration$$EnhancerBySpringCGLIB$$ab75f86b] is not eligible for getting processed by all BeanPostProcessors (for example: not eligible for auto-proxying)
2019-08-07 23:35:33,996 INFO org.springframework.boot.web.embedded.tomcat.TomcatWebServer [restartedMain] Tomcat initialized with port(s): 8082 (http)
2019-08-07 23:35:34,008 INFO org.apache.juli.logging.DirectJDKLog [restartedMain] Initializing ProtocolHandler ["http-nio-8082"]
2019-08-07 23:35:34,016 INFO org.apache.juli.logging.DirectJDKLog [restartedMain] Starting service [Tomcat]
2019-08-07 23:35:34,016 INFO org.apache.juli.logging.DirectJDKLog [restartedMain] Starting Servlet engine: [Apache Tomcat/9.0.21]
2019-08-07 23:35:34,078 INFO org.apache.juli.logging.DirectJDKLog [restartedMain] Initializing Spring embedded WebApplicationContext
2019-08-07 23:35:34,079 INFO org.springframework.boot.web.servlet.context.ServletWebServerApplicationContext [restartedMain] Root WebApplicationContext: initialization completed in 1632 ms
2019-08-07 23:35:34,482 INFO com.zaxxer.hikari.HikariDataSource [restartedMain] HikariPool-1 - Starting...
2019-08-07 23:35:34,556 INFO com.zaxxer.hikari.HikariDataSource [restartedMain] HikariPool-1 - Start completed.
2019-08-07 23:35:34,592 INFO org.hibernate.jpa.internal.util.LogHelper [restartedMain] HHH000204: Processing PersistenceUnitInfo [
	name: default
	...]
2019-08-07 23:35:34,628 INFO org.hibernate.Version [restartedMain] HHH000412: Hibernate Core {5.3.10.Final}
2019-08-07 23:35:34,630 INFO org.hibernate.cfg.Environment [restartedMain] HHH000206: hibernate.properties not found
2019-08-07 23:35:34,710 INFO org.hibernate.annotations.common.reflection.java.JavaReflectionManager [restartedMain] HCANN000001: Hibernate Commons Annotations {5.0.4.Final}
2019-08-07 23:35:34,838 INFO org.hibernate.dialect.Dialect [restartedMain] HHH000400: Using dialect: org.hibernate.dialect.H2Dialect
2019-08-07 23:35:35,253 INFO org.hibernate.tool.schema.internal.SchemaCreatorImpl [restartedMain] HHH000476: Executing import script 'org.hibernate.tool.schema.internal.exec.ScriptSourceInputNonExistentImpl@4d39d096'
2019-08-07 23:35:35,255 INFO org.springframework.orm.jpa.AbstractEntityManagerFactoryBean [restartedMain] Initialized JPA EntityManagerFactory for persistence unit 'default'
2019-08-07 23:35:35,283 INFO org.springframework.boot.devtools.autoconfigure.OptionalLiveReloadServer [restartedMain] LiveReload server is running on port 35729
2019-08-07 23:35:35,612 INFO org.springframework.scheduling.concurrent.ExecutorConfigurationSupport [restartedMain] Initializing ExecutorService 'applicationTaskExecutor'
2019-08-07 23:35:35,641 WARN org.springframework.boot.autoconfigure.orm.jpa.JpaBaseConfiguration$JpaWebConfiguration$JpaWebMvcConfiguration [restartedMain] spring.jpa.open-in-view is enabled by default. Therefore, database queries may be performed during view rendering. Explicitly configure spring.jpa.open-in-view to disable this warning
2019-08-07 23:35:35,965 INFO org.springframework.boot.actuate.endpoint.web.EndpointLinksResolver [restartedMain] Exposing 15 endpoint(s) beneath base path '/actuator'
2019-08-07 23:35:36,017 INFO org.apache.juli.logging.DirectJDKLog [restartedMain] Starting ProtocolHandler ["http-nio-8082"]
2019-08-07 23:35:36,046 INFO org.springframework.boot.web.embedded.tomcat.TomcatWebServer [restartedMain] Tomcat started on port(s): 8082 (http) with context path ''
2019-08-07 23:35:36,049 INFO org.springframework.boot.StartupInfoLogger [restartedMain] Started CustomerApplication in 3.91 seconds (JVM running for 4.545)
2019-08-07 23:35:36,382 INFO org.apache.juli.logging.DirectJDKLog [RMI TCP Connection(3)-172.26.244.236] Initializing Spring DispatcherServlet 'dispatcherServlet'
2019-08-07 23:35:36,382 INFO org.springframework.web.servlet.FrameworkServlet [RMI TCP Connection(3)-172.26.244.236] Initializing Servlet 'dispatcherServlet'
2019-08-07 23:35:36,389 INFO org.springframework.web.servlet.FrameworkServlet [RMI TCP Connection(3)-172.26.244.236] Completed initialization in 6 ms
2019-08-07 23:35:55,949 INFO org.springframework.scheduling.concurrent.ExecutorConfigurationSupport [Thread-16] Shutting down ExecutorService 'applicationTaskExecutor'
2019-08-07 23:35:55,951 INFO org.springframework.orm.jpa.AbstractEntityManagerFactoryBean [Thread-16] Closing JPA EntityManagerFactory for persistence unit 'default'
2019-08-07 23:35:55,952 INFO org.hibernate.tool.schema.internal.SchemaDropperImpl$DelayedDropActionImpl [Thread-16] HHH000477: Starting delayed evictData of schema as part of SessionFactory shut-down'
2019-08-07 23:35:55,967 INFO org.springframework.beans.factory.support.DisposableBeanAdapter [Thread-16] Invocation of destroy method failed on bean with name 'inMemoryDatabaseShutdownExecutor': org.h2.jdbc.JdbcSQLNonTransientConnectionException: Database is already closed (to disable automatic closing at VM shutdown, add ";DB_CLOSE_ON_EXIT=FALSE" to the db URL) [90121-199]
2019-08-07 23:35:55,967 INFO com.zaxxer.hikari.HikariDataSource [Thread-16] HikariPool-1 - Shutdown initiated...
2019-08-07 23:35:56,101 INFO com.zaxxer.hikari.HikariDataSource [Thread-16] HikariPool-1 - Shutdown completed.
2019-08-07 23:35:58,981 INFO org.springframework.boot.StartupInfoLogger [restartedMain] Starting CustomerApplication on EDML160ada488.local with PID 92300 (/Users/vkamble/dev/biztrack-vkamble/customer/target/classes started by vkamble in /Users/vkamble/dev/biztrack-vkamble/customer)
2019-08-07 23:35:58,985 INFO org.springframework.boot.SpringApplication [restartedMain] No active profile set, falling back to default profiles: default
2019-08-07 23:35:59,030 INFO org.springframework.boot.logging.DeferredLog [restartedMain] Devtools property defaults active! Set 'spring.devtools.add-properties' to 'false' to disable
2019-08-07 23:35:59,030 INFO org.springframework.boot.logging.DeferredLog [restartedMain] For additional web related logging consider setting the 'logging.level.web' property to 'DEBUG'
2019-08-07 23:35:59,990 INFO org.springframework.data.repository.config.RepositoryConfigurationDelegate [restartedMain] Bootstrapping Spring Data repositories in DEFAULT mode.
2019-08-07 23:36:00,050 INFO org.springframework.data.repository.config.RepositoryConfigurationDelegate [restartedMain] Finished Spring Data repository scanning in 52ms. Found 1 repository interfaces.
2019-08-07 23:36:00,384 INFO org.springframework.context.support.PostProcessorRegistrationDelegate$BeanPostProcessorChecker [restartedMain] Bean 'org.springframework.transaction.annotation.ProxyTransactionManagementConfiguration' of type [org.springframework.transaction.annotation.ProxyTransactionManagementConfiguration$$EnhancerBySpringCGLIB$$b9e91197] is not eligible for getting processed by all BeanPostProcessors (for example: not eligible for auto-proxying)
2019-08-07 23:36:00,624 INFO org.springframework.boot.web.embedded.tomcat.TomcatWebServer [restartedMain] Tomcat initialized with port(s): 8082 (http)
2019-08-07 23:36:00,636 INFO org.apache.juli.logging.DirectJDKLog [restartedMain] Initializing ProtocolHandler ["http-nio-8082"]
2019-08-07 23:36:00,644 INFO org.apache.juli.logging.DirectJDKLog [restartedMain] Starting service [Tomcat]
2019-08-07 23:36:00,644 INFO org.apache.juli.logging.DirectJDKLog [restartedMain] Starting Servlet engine: [Apache Tomcat/9.0.21]
2019-08-07 23:36:00,743 INFO org.apache.juli.logging.DirectJDKLog [restartedMain] Initializing Spring embedded WebApplicationContext
2019-08-07 23:36:00,743 INFO org.springframework.boot.web.servlet.context.ServletWebServerApplicationContext [restartedMain] Root WebApplicationContext: initialization completed in 1713 ms
2019-08-07 23:36:01,198 INFO com.zaxxer.hikari.HikariDataSource [restartedMain] HikariPool-1 - Starting...
2019-08-07 23:36:01,309 INFO com.zaxxer.hikari.HikariDataSource [restartedMain] HikariPool-1 - Start completed.
2019-08-07 23:36:01,376 INFO org.hibernate.jpa.internal.util.LogHelper [restartedMain] HHH000204: Processing PersistenceUnitInfo [
	name: default
	...]
2019-08-07 23:36:01,442 INFO org.hibernate.Version [restartedMain] HHH000412: Hibernate Core {5.3.10.Final}
2019-08-07 23:36:01,443 INFO org.hibernate.cfg.Environment [restartedMain] HHH000206: hibernate.properties not found
2019-08-07 23:36:01,549 INFO org.hibernate.annotations.common.reflection.java.JavaReflectionManager [restartedMain] HCANN000001: Hibernate Commons Annotations {5.0.4.Final}
2019-08-07 23:36:01,634 INFO org.hibernate.dialect.Dialect [restartedMain] HHH000400: Using dialect: org.hibernate.dialect.H2Dialect
2019-08-07 23:36:02,060 INFO org.hibernate.tool.schema.internal.SchemaCreatorImpl [restartedMain] HHH000476: Executing import script 'org.hibernate.tool.schema.internal.exec.ScriptSourceInputNonExistentImpl@61676509'
2019-08-07 23:36:02,062 INFO org.springframework.orm.jpa.AbstractEntityManagerFactoryBean [restartedMain] Initialized JPA EntityManagerFactory for persistence unit 'default'
2019-08-07 23:36:02,102 INFO org.springframework.boot.devtools.autoconfigure.OptionalLiveReloadServer [restartedMain] LiveReload server is running on port 35729
2019-08-07 23:36:02,466 INFO org.springframework.scheduling.concurrent.ExecutorConfigurationSupport [restartedMain] Initializing ExecutorService 'applicationTaskExecutor'
2019-08-07 23:36:02,497 WARN org.springframework.boot.autoconfigure.orm.jpa.JpaBaseConfiguration$JpaWebConfiguration$JpaWebMvcConfiguration [restartedMain] spring.jpa.open-in-view is enabled by default. Therefore, database queries may be performed during view rendering. Explicitly configure spring.jpa.open-in-view to disable this warning
2019-08-07 23:36:02,748 INFO org.springframework.boot.actuate.endpoint.web.EndpointLinksResolver [restartedMain] Exposing 15 endpoint(s) beneath base path '/actuator'
2019-08-07 23:36:02,803 INFO org.apache.juli.logging.DirectJDKLog [restartedMain] Starting ProtocolHandler ["http-nio-8082"]
2019-08-07 23:36:02,835 INFO org.springframework.boot.web.embedded.tomcat.TomcatWebServer [restartedMain] Tomcat started on port(s): 8082 (http) with context path ''
2019-08-07 23:36:02,849 INFO org.springframework.boot.StartupInfoLogger [restartedMain] Started CustomerApplication in 4.237 seconds (JVM running for 4.993)
2019-08-07 23:36:03,059 INFO org.apache.juli.logging.DirectJDKLog [RMI TCP Connection(3)-172.26.244.236] Initializing Spring DispatcherServlet 'dispatcherServlet'
2019-08-07 23:36:03,069 INFO org.springframework.web.servlet.FrameworkServlet [RMI TCP Connection(3)-172.26.244.236] Initializing Servlet 'dispatcherServlet'
2019-08-07 23:36:03,078 INFO org.springframework.web.servlet.FrameworkServlet [RMI TCP Connection(3)-172.26.244.236] Completed initialization in 9 ms
2019-08-07 23:36:09,258 INFO com.intuit.vkamble.biztrack.customer.intercepters.RequestInterceptor [http-nio-8082-exec-2] {"request":{"method":"POST","path":"/v1/customers","contentType":"application/json","length":"88"},"response":{"status":200,"contentType":"application/json;charset=UTF-8"}}
2019-08-07 23:57:27,290 INFO org.springframework.scheduling.concurrent.ExecutorConfigurationSupport [Thread-17] Shutting down ExecutorService 'applicationTaskExecutor'
2019-08-07 23:57:27,345 INFO org.springframework.orm.jpa.AbstractEntityManagerFactoryBean [Thread-17] Closing JPA EntityManagerFactory for persistence unit 'default'
2019-08-07 23:57:27,356 INFO org.hibernate.tool.schema.internal.SchemaDropperImpl$DelayedDropActionImpl [Thread-17] HHH000477: Starting delayed evictData of schema as part of SessionFactory shut-down'
2019-08-07 23:57:27,474 INFO org.springframework.beans.factory.support.DisposableBeanAdapter [Thread-17] Invocation of destroy method failed on bean with name 'inMemoryDatabaseShutdownExecutor': org.h2.jdbc.JdbcSQLNonTransientConnectionException: Database is already closed (to disable automatic closing at VM shutdown, add ";DB_CLOSE_ON_EXIT=FALSE" to the db URL) [90121-199]
2019-08-07 23:57:27,475 INFO com.zaxxer.hikari.HikariDataSource [Thread-17] HikariPool-1 - Shutdown initiated...
2019-08-07 23:57:27,480 INFO com.zaxxer.hikari.HikariDataSource [Thread-17] HikariPool-1 - Shutdown completed.
2019-08-07 23:57:31,904 INFO org.springframework.boot.StartupInfoLogger [restartedMain] Starting CustomerApplication on EDML160ada488.local with PID 6916 (/Users/vkamble/dev/biztrack-vkamble/customer/target/classes started by vkamble in /Users/vkamble/dev/biztrack-vkamble/customer)
2019-08-07 23:57:31,907 INFO org.springframework.boot.SpringApplication [restartedMain] No active profile set, falling back to default profiles: default
2019-08-07 23:57:31,951 INFO org.springframework.boot.logging.DeferredLog [restartedMain] Devtools property defaults active! Set 'spring.devtools.add-properties' to 'false' to disable
2019-08-07 23:57:31,952 INFO org.springframework.boot.logging.DeferredLog [restartedMain] For additional web related logging consider setting the 'logging.level.web' property to 'DEBUG'
2019-08-07 23:57:32,673 INFO org.springframework.data.repository.config.RepositoryConfigurationDelegate [restartedMain] Bootstrapping Spring Data repositories in DEFAULT mode.
2019-08-07 23:57:32,735 INFO org.springframework.data.repository.config.RepositoryConfigurationDelegate [restartedMain] Finished Spring Data repository scanning in 54ms. Found 1 repository interfaces.
2019-08-07 23:57:33,159 INFO org.springframework.context.support.PostProcessorRegistrationDelegate$BeanPostProcessorChecker [restartedMain] Bean 'org.springframework.transaction.annotation.ProxyTransactionManagementConfiguration' of type [org.springframework.transaction.annotation.ProxyTransactionManagementConfiguration$$EnhancerBySpringCGLIB$$9ae99da4] is not eligible for getting processed by all BeanPostProcessors (for example: not eligible for auto-proxying)
2019-08-07 23:57:33,570 INFO org.springframework.boot.web.embedded.tomcat.TomcatWebServer [restartedMain] Tomcat initialized with port(s): 8082 (http)
2019-08-07 23:57:33,579 INFO org.apache.juli.logging.DirectJDKLog [restartedMain] Initializing ProtocolHandler ["http-nio-8082"]
2019-08-07 23:57:33,586 INFO org.apache.juli.logging.DirectJDKLog [restartedMain] Starting service [Tomcat]
2019-08-07 23:57:33,586 INFO org.apache.juli.logging.DirectJDKLog [restartedMain] Starting Servlet engine: [Apache Tomcat/9.0.21]
2019-08-07 23:57:33,721 INFO org.apache.juli.logging.DirectJDKLog [restartedMain] Initializing Spring embedded WebApplicationContext
2019-08-07 23:57:33,721 INFO org.springframework.boot.web.servlet.context.ServletWebServerApplicationContext [restartedMain] Root WebApplicationContext: initialization completed in 1769 ms
2019-08-07 23:57:34,122 INFO com.zaxxer.hikari.HikariDataSource [restartedMain] HikariPool-1 - Starting...
2019-08-07 23:57:34,191 INFO com.zaxxer.hikari.HikariDataSource [restartedMain] HikariPool-1 - Start completed.
2019-08-07 23:57:34,227 INFO org.hibernate.jpa.internal.util.LogHelper [restartedMain] HHH000204: Processing PersistenceUnitInfo [
	name: default
	...]
2019-08-07 23:57:34,263 INFO org.hibernate.Version [restartedMain] HHH000412: Hibernate Core {5.3.10.Final}
2019-08-07 23:57:34,265 INFO org.hibernate.cfg.Environment [restartedMain] HHH000206: hibernate.properties not found
2019-08-07 23:57:34,353 INFO org.hibernate.annotations.common.reflection.java.JavaReflectionManager [restartedMain] HCANN000001: Hibernate Commons Annotations {5.0.4.Final}
2019-08-07 23:57:34,499 INFO org.hibernate.dialect.Dialect [restartedMain] HHH000400: Using dialect: org.hibernate.dialect.H2Dialect
2019-08-07 23:57:34,942 INFO org.hibernate.tool.schema.internal.SchemaCreatorImpl [restartedMain] HHH000476: Executing import script 'org.hibernate.tool.schema.internal.exec.ScriptSourceInputNonExistentImpl@6ad9bf02'
2019-08-07 23:57:34,945 INFO org.springframework.orm.jpa.AbstractEntityManagerFactoryBean [restartedMain] Initialized JPA EntityManagerFactory for persistence unit 'default'
2019-08-07 23:57:34,977 INFO org.springframework.boot.devtools.autoconfigure.OptionalLiveReloadServer [restartedMain] LiveReload server is running on port 35729
2019-08-07 23:57:35,383 INFO org.springframework.scheduling.concurrent.ExecutorConfigurationSupport [restartedMain] Initializing ExecutorService 'applicationTaskExecutor'
2019-08-07 23:57:35,418 WARN org.springframework.boot.autoconfigure.orm.jpa.JpaBaseConfiguration$JpaWebConfiguration$JpaWebMvcConfiguration [restartedMain] spring.jpa.open-in-view is enabled by default. Therefore, database queries may be performed during view rendering. Explicitly configure spring.jpa.open-in-view to disable this warning
2019-08-07 23:57:35,705 INFO org.springframework.boot.actuate.endpoint.web.EndpointLinksResolver [restartedMain] Exposing 15 endpoint(s) beneath base path '/actuator'
2019-08-07 23:57:35,770 INFO org.apache.juli.logging.DirectJDKLog [restartedMain] Starting ProtocolHandler ["http-nio-8082"]
2019-08-07 23:57:35,806 INFO org.springframework.boot.web.embedded.tomcat.TomcatWebServer [restartedMain] Tomcat started on port(s): 8082 (http) with context path ''
2019-08-07 23:57:35,808 INFO org.springframework.boot.StartupInfoLogger [restartedMain] Started CustomerApplication in 4.386 seconds (JVM running for 5.19)
2019-08-07 23:57:36,005 INFO org.apache.juli.logging.DirectJDKLog [RMI TCP Connection(2)-172.26.244.236] Initializing Spring DispatcherServlet 'dispatcherServlet'
2019-08-07 23:57:36,006 INFO org.springframework.web.servlet.FrameworkServlet [RMI TCP Connection(2)-172.26.244.236] Initializing Servlet 'dispatcherServlet'
2019-08-07 23:57:36,016 INFO org.springframework.web.servlet.FrameworkServlet [RMI TCP Connection(2)-172.26.244.236] Completed initialization in 10 ms
2019-08-07 23:57:50,775 INFO com.intuit.vkamble.biztrack.customer.performance.PerformanceAspect [http-nio-8082-exec-1] Execution time of CustomerService.create :: 84 ms
2019-08-07 23:57:50,825 INFO com.intuit.vkamble.biztrack.customer.intercepters.RequestInterceptor [http-nio-8082-exec-1] {"request":{"method":"POST","path":"/v1/customers","contentType":"application/json","length":"88"},"response":{"status":200,"contentType":"application/json;charset=UTF-8"}}
