2019-08-09 13:15:42,825 INFO org.springframework.boot.logging.DeferredLog [restartedMain] Devtools property defaults active! Set 'spring.devtools.add-properties' to 'false' to disable
2019-08-09 13:15:43,123 INFO org.springframework.context.support.PostProcessorRegistrationDelegate$BeanPostProcessorChecker [restartedMain] Bean 'org.springframework.cloud.autoconfigure.ConfigurationPropertiesRebinderAutoConfiguration' of type [org.springframework.cloud.autoconfigure.ConfigurationPropertiesRebinderAutoConfiguration$$EnhancerBySpringCGLIB$$fa1f83f4] is not eligible for getting processed by all BeanPostProcessors (for example: not eligible for auto-proxying)
2019-08-09 13:15:43,272 INFO org.springframework.boot.SpringApplication [restartedMain] No active profile set, falling back to default profiles: default
2019-08-09 13:15:44,006 INFO org.springframework.data.repository.config.RepositoryConfigurationDelegate [restartedMain] Bootstrapping Spring Data repositories in DEFAULT mode.
2019-08-09 13:15:44,055 INFO org.springframework.data.repository.config.RepositoryConfigurationDelegate [restartedMain] Finished Spring Data repository scanning in 43ms. Found 1 repository interfaces.
2019-08-09 13:15:44,152 WARN org.springframework.boot.actuate.endpoint.EndpointId [restartedMain] Endpoint ID 'hystrix.stream' contains invalid characters, please migrate to a valid format.
2019-08-09 13:15:44,324 INFO org.springframework.cloud.context.scope.GenericScope [restartedMain] BeanFactory id=e3bbc2e1-44a0-35dd-a5f1-812cbc9b4b6e
2019-08-09 13:15:44,433 INFO org.springframework.context.support.PostProcessorRegistrationDelegate$BeanPostProcessorChecker [restartedMain] Bean 'org.springframework.transaction.annotation.ProxyTransactionManagementConfiguration' of type [org.springframework.transaction.annotation.ProxyTransactionManagementConfiguration$$EnhancerBySpringCGLIB$$de0580f7] is not eligible for getting processed by all BeanPostProcessors (for example: not eligible for auto-proxying)
2019-08-09 13:15:44,534 INFO org.springframework.context.support.PostProcessorRegistrationDelegate$BeanPostProcessorChecker [restartedMain] Bean 'org.springframework.cloud.autoconfigure.ConfigurationPropertiesRebinderAutoConfiguration' of type [org.springframework.cloud.autoconfigure.ConfigurationPropertiesRebinderAutoConfiguration$$EnhancerBySpringCGLIB$$fa1f83f4] is not eligible for getting processed by all BeanPostProcessors (for example: not eligible for auto-proxying)
2019-08-09 13:15:44,997 INFO org.springframework.boot.web.embedded.tomcat.TomcatWebServer [restartedMain] Tomcat initialized with port(s): 8080 (http)
2019-08-09 13:15:45,008 INFO org.apache.juli.logging.DirectJDKLog [restartedMain] Initializing ProtocolHandler ["http-nio-8080"]
2019-08-09 13:15:45,014 INFO org.apache.juli.logging.DirectJDKLog [restartedMain] Starting service [Tomcat]
2019-08-09 13:15:45,015 INFO org.apache.juli.logging.DirectJDKLog [restartedMain] Starting Servlet engine: [Apache Tomcat/9.0.21]
2019-08-09 13:15:45,090 INFO org.apache.juli.logging.DirectJDKLog [restartedMain] Initializing Spring embedded WebApplicationContext
2019-08-09 13:15:45,091 INFO org.springframework.boot.web.servlet.context.ServletWebServerApplicationContext [restartedMain] Root WebApplicationContext: initialization completed in 1808 ms
2019-08-09 13:15:45,188 WARN com.netflix.config.sources.URLConfigurationSource [restartedMain] No URLs will be polled as dynamic configuration sources.
2019-08-09 13:15:45,189 INFO com.netflix.config.sources.URLConfigurationSource [restartedMain] To enable URLs as dynamic configuration sources, define System property archaius.configurationSource.additionalUrls or make config.properties available on classpath.
2019-08-09 13:15:45,195 INFO com.netflix.config.DynamicPropertyFactory [restartedMain] DynamicPropertyFactory is initialized with configuration sources: com.netflix.config.ConcurrentCompositeConfiguration@2e435b47
2019-08-09 13:15:45,580 INFO org.springframework.boot.actuate.endpoint.web.ServletEndpointRegistrar [restartedMain] Registered '/actuator/hystrix.stream' to hystrix.stream-actuator-endpoint
2019-08-09 13:15:45,661 INFO com.zaxxer.hikari.HikariDataSource [restartedMain] HikariPool-1 - Starting...
2019-08-09 13:15:45,806 INFO com.zaxxer.hikari.HikariDataSource [restartedMain] HikariPool-1 - Start completed.
2019-08-09 13:15:45,845 INFO org.hibernate.jpa.internal.util.LogHelper [restartedMain] HHH000204: Processing PersistenceUnitInfo [
	name: default
	...]
2019-08-09 13:15:45,884 INFO org.hibernate.Version [restartedMain] HHH000412: Hibernate Core {5.3.10.Final}
2019-08-09 13:15:45,885 INFO org.hibernate.cfg.Environment [restartedMain] HHH000206: hibernate.properties not found
2019-08-09 13:15:45,966 INFO org.hibernate.annotations.common.reflection.java.JavaReflectionManager [restartedMain] HCANN000001: Hibernate Commons Annotations {5.0.4.Final}
2019-08-09 13:15:46,069 INFO org.hibernate.dialect.Dialect [restartedMain] HHH000400: Using dialect: org.hibernate.dialect.H2Dialect
2019-08-09 13:15:46,542 INFO org.hibernate.tool.schema.internal.SchemaCreatorImpl [restartedMain] HHH000476: Executing import script 'org.hibernate.tool.schema.internal.exec.ScriptSourceInputNonExistentImpl@7f084479'
2019-08-09 13:15:46,545 INFO org.springframework.orm.jpa.AbstractEntityManagerFactoryBean [restartedMain] Initialized JPA EntityManagerFactory for persistence unit 'default'
2019-08-09 13:15:46,595 WARN org.springframework.boot.devtools.autoconfigure.OptionalLiveReloadServer [restartedMain] Unable to start LiveReload server
2019-08-09 13:15:46,963 INFO org.hibernate.hql.internal.QueryTranslatorFactoryInitiator [restartedMain] HHH000397: Using ASTQueryTranslatorFactory
2019-08-09 13:15:47,351 WARN com.netflix.config.sources.URLConfigurationSource [restartedMain] No URLs will be polled as dynamic configuration sources.
2019-08-09 13:15:47,352 INFO com.netflix.config.sources.URLConfigurationSource [restartedMain] To enable URLs as dynamic configuration sources, define System property archaius.configurationSource.additionalUrls or make config.properties available on classpath.
2019-08-09 13:15:47,570 INFO org.springframework.scheduling.concurrent.ExecutorConfigurationSupport [restartedMain] Initializing ExecutorService 'applicationTaskExecutor'
2019-08-09 13:15:47,609 WARN org.springframework.boot.autoconfigure.orm.jpa.JpaBaseConfiguration$JpaWebConfiguration$JpaWebMvcConfiguration [restartedMain] spring.jpa.open-in-view is enabled by default. Therefore, database queries may be performed during view rendering. Explicitly configure spring.jpa.open-in-view to disable this warning
2019-08-09 13:15:47,874 INFO org.springframework.scheduling.concurrent.ExecutorConfigurationSupport [restartedMain] Initializing ExecutorService 'taskScheduler'
2019-08-09 13:15:47,954 INFO org.springframework.boot.actuate.endpoint.web.EndpointLinksResolver [restartedMain] Exposing 19 endpoint(s) beneath base path '/actuator'
2019-08-09 13:15:48,037 INFO com.intuit.vkamble.biztrack.invoicing.jobs.ReconciliationJob [scheduling-1] Still reconciling - 1565378148
2019-08-09 13:15:48,038 INFO org.apache.juli.logging.DirectJDKLog [restartedMain] Starting ProtocolHandler ["http-nio-8080"]
2019-08-09 13:15:48,072 INFO org.springframework.boot.web.embedded.tomcat.TomcatWebServer [restartedMain] Tomcat started on port(s): 8080 (http) with context path ''
2019-08-09 13:15:48,075 INFO org.springframework.boot.StartupInfoLogger [restartedMain] Started InvoicingApplication in 5.619 seconds (JVM running for 6.268)
2019-08-09 13:15:48,239 INFO org.apache.juli.logging.DirectJDKLog [RMI TCP Connection(3)-172.28.70.86] Initializing Spring DispatcherServlet 'dispatcherServlet'
2019-08-09 13:15:48,239 INFO org.springframework.web.servlet.FrameworkServlet [RMI TCP Connection(3)-172.28.70.86] Initializing Servlet 'dispatcherServlet'
2019-08-09 13:15:48,254 INFO org.springframework.web.servlet.FrameworkServlet [RMI TCP Connection(3)-172.28.70.86] Completed initialization in 15 ms
2019-08-09 13:15:52,876 ERROR com.intuit.vkamble.biztrack.invoicing.services.InvoiceService [http-nio-8080-exec-1] Invoice not found. id=1
2019-08-09 13:15:52,934 WARN org.springframework.web.servlet.handler.AbstractHandlerExceptionResolver [http-nio-8080-exec-1] Resolved [exceptions.EntityNotFoundException: Invoice with id 1 not found]
2019-08-09 13:15:52,942 INFO com.intuit.vkamble.biztrack.invoicing.intercepters.RequestInterceptor [http-nio-8080-exec-1] {"request":{"method":"GET","path":"/v1/invoices/1"},"response":{"status":404,"contentType":"application/xml;charset=UTF-8"}}
2019-08-09 13:18:21,093 INFO org.springframework.scheduling.concurrent.ExecutorConfigurationSupport [Thread-20] Shutting down ExecutorService 'taskScheduler'
2019-08-09 13:18:21,095 INFO org.springframework.scheduling.concurrent.ExecutorConfigurationSupport [Thread-20] Shutting down ExecutorService 'applicationTaskExecutor'
2019-08-09 13:18:21,106 INFO org.springframework.orm.jpa.AbstractEntityManagerFactoryBean [Thread-20] Closing JPA EntityManagerFactory for persistence unit 'default'
2019-08-09 13:18:21,106 INFO org.hibernate.tool.schema.internal.SchemaDropperImpl$DelayedDropActionImpl [Thread-20] HHH000477: Starting delayed evictData of schema as part of SessionFactory shut-down'
2019-08-09 13:18:21,126 INFO org.springframework.beans.factory.support.DisposableBeanAdapter [Thread-20] Invocation of destroy method failed on bean with name 'inMemoryDatabaseShutdownExecutor': org.h2.jdbc.JdbcSQLNonTransientConnectionException: Database is already closed (to disable automatic closing at VM shutdown, add ";DB_CLOSE_ON_EXIT=FALSE" to the db URL) [90121-199]
2019-08-09 13:18:21,128 INFO com.zaxxer.hikari.HikariDataSource [Thread-20] HikariPool-1 - Shutdown initiated...
2019-08-09 13:18:21,130 INFO com.zaxxer.hikari.HikariDataSource [Thread-20] HikariPool-1 - Shutdown completed.
2019-08-09 13:18:29,590 INFO org.springframework.boot.logging.DeferredLog [restartedMain] Devtools property defaults active! Set 'spring.devtools.add-properties' to 'false' to disable
2019-08-09 13:18:30,007 INFO org.springframework.context.support.PostProcessorRegistrationDelegate$BeanPostProcessorChecker [restartedMain] Bean 'org.springframework.cloud.autoconfigure.ConfigurationPropertiesRebinderAutoConfiguration' of type [org.springframework.cloud.autoconfigure.ConfigurationPropertiesRebinderAutoConfiguration$$EnhancerBySpringCGLIB$$fbdf6598] is not eligible for getting processed by all BeanPostProcessors (for example: not eligible for auto-proxying)
2019-08-09 13:18:30,199 INFO org.springframework.boot.SpringApplication [restartedMain] No active profile set, falling back to default profiles: default
2019-08-09 13:18:31,321 INFO org.springframework.data.repository.config.RepositoryConfigurationDelegate [restartedMain] Bootstrapping Spring Data repositories in DEFAULT mode.
2019-08-09 13:18:31,377 INFO org.springframework.data.repository.config.RepositoryConfigurationDelegate [restartedMain] Finished Spring Data repository scanning in 49ms. Found 1 repository interfaces.
2019-08-09 13:18:31,501 WARN org.springframework.boot.actuate.endpoint.EndpointId [restartedMain] Endpoint ID 'hystrix.stream' contains invalid characters, please migrate to a valid format.
2019-08-09 13:18:31,744 INFO org.springframework.cloud.context.scope.GenericScope [restartedMain] BeanFactory id=3e17952c-6174-30b8-bec7-719a7ec7f98d
2019-08-09 13:18:32,008 INFO org.springframework.context.support.PostProcessorRegistrationDelegate$BeanPostProcessorChecker [restartedMain] Bean 'org.springframework.transaction.annotation.ProxyTransactionManagementConfiguration' of type [org.springframework.transaction.annotation.ProxyTransactionManagementConfiguration$$EnhancerBySpringCGLIB$$dfc5629b] is not eligible for getting processed by all BeanPostProcessors (for example: not eligible for auto-proxying)
2019-08-09 13:18:32,056 INFO org.springframework.context.support.PostProcessorRegistrationDelegate$BeanPostProcessorChecker [restartedMain] Bean 'org.springframework.cloud.autoconfigure.ConfigurationPropertiesRebinderAutoConfiguration' of type [org.springframework.cloud.autoconfigure.ConfigurationPropertiesRebinderAutoConfiguration$$EnhancerBySpringCGLIB$$fbdf6598] is not eligible for getting processed by all BeanPostProcessors (for example: not eligible for auto-proxying)
2019-08-09 13:18:32,806 INFO org.springframework.boot.web.embedded.tomcat.TomcatWebServer [restartedMain] Tomcat initialized with port(s): 8080 (http)
2019-08-09 13:18:32,824 INFO org.apache.juli.logging.DirectJDKLog [restartedMain] Initializing ProtocolHandler ["http-nio-8080"]
2019-08-09 13:18:32,836 INFO org.apache.juli.logging.DirectJDKLog [restartedMain] Starting service [Tomcat]
2019-08-09 13:18:32,837 INFO org.apache.juli.logging.DirectJDKLog [restartedMain] Starting Servlet engine: [Apache Tomcat/9.0.21]
2019-08-09 13:18:32,974 INFO org.apache.juli.logging.DirectJDKLog [restartedMain] Initializing Spring embedded WebApplicationContext
2019-08-09 13:18:32,975 INFO org.springframework.boot.web.servlet.context.ServletWebServerApplicationContext [restartedMain] Root WebApplicationContext: initialization completed in 2745 ms
2019-08-09 13:18:33,201 WARN com.netflix.config.sources.URLConfigurationSource [restartedMain] No URLs will be polled as dynamic configuration sources.
2019-08-09 13:18:33,202 INFO com.netflix.config.sources.URLConfigurationSource [restartedMain] To enable URLs as dynamic configuration sources, define System property archaius.configurationSource.additionalUrls or make config.properties available on classpath.
2019-08-09 13:18:33,216 INFO com.netflix.config.DynamicPropertyFactory [restartedMain] DynamicPropertyFactory is initialized with configuration sources: com.netflix.config.ConcurrentCompositeConfiguration@d04efab
2019-08-09 13:18:34,241 INFO org.springframework.boot.actuate.endpoint.web.ServletEndpointRegistrar [restartedMain] Registered '/actuator/hystrix.stream' to hystrix.stream-actuator-endpoint
2019-08-09 13:18:34,356 INFO com.zaxxer.hikari.HikariDataSource [restartedMain] HikariPool-1 - Starting...
2019-08-09 13:18:34,434 INFO com.zaxxer.hikari.HikariDataSource [restartedMain] HikariPool-1 - Start completed.
2019-08-09 13:18:34,477 INFO org.hibernate.jpa.internal.util.LogHelper [restartedMain] HHH000204: Processing PersistenceUnitInfo [
	name: default
	...]
2019-08-09 13:18:34,515 INFO org.hibernate.Version [restartedMain] HHH000412: Hibernate Core {5.3.10.Final}
2019-08-09 13:18:34,517 INFO org.hibernate.cfg.Environment [restartedMain] HHH000206: hibernate.properties not found
2019-08-09 13:18:34,605 INFO org.hibernate.annotations.common.reflection.java.JavaReflectionManager [restartedMain] HCANN000001: Hibernate Commons Annotations {5.0.4.Final}
2019-08-09 13:18:34,691 INFO org.hibernate.dialect.Dialect [restartedMain] HHH000400: Using dialect: org.hibernate.dialect.H2Dialect
2019-08-09 13:18:35,076 INFO org.hibernate.tool.schema.internal.SchemaCreatorImpl [restartedMain] HHH000476: Executing import script 'org.hibernate.tool.schema.internal.exec.ScriptSourceInputNonExistentImpl@6a3c4154'
2019-08-09 13:18:35,078 INFO org.springframework.orm.jpa.AbstractEntityManagerFactoryBean [restartedMain] Initialized JPA EntityManagerFactory for persistence unit 'default'
2019-08-09 13:18:35,156 WARN org.springframework.boot.devtools.autoconfigure.OptionalLiveReloadServer [restartedMain] Unable to start LiveReload server
2019-08-09 13:18:35,604 INFO org.hibernate.hql.internal.QueryTranslatorFactoryInitiator [restartedMain] HHH000397: Using ASTQueryTranslatorFactory
2019-08-09 13:18:35,751 WARN com.netflix.config.sources.URLConfigurationSource [restartedMain] No URLs will be polled as dynamic configuration sources.
2019-08-09 13:18:35,751 INFO com.netflix.config.sources.URLConfigurationSource [restartedMain] To enable URLs as dynamic configuration sources, define System property archaius.configurationSource.additionalUrls or make config.properties available on classpath.
2019-08-09 13:18:35,996 INFO org.springframework.scheduling.concurrent.ExecutorConfigurationSupport [restartedMain] Initializing ExecutorService 'applicationTaskExecutor'
2019-08-09 13:18:36,042 WARN org.springframework.boot.autoconfigure.orm.jpa.JpaBaseConfiguration$JpaWebConfiguration$JpaWebMvcConfiguration [restartedMain] spring.jpa.open-in-view is enabled by default. Therefore, database queries may be performed during view rendering. Explicitly configure spring.jpa.open-in-view to disable this warning
2019-08-09 13:18:36,340 INFO org.springframework.scheduling.concurrent.ExecutorConfigurationSupport [restartedMain] Initializing ExecutorService 'taskScheduler'
2019-08-09 13:18:36,529 INFO org.springframework.boot.actuate.endpoint.web.EndpointLinksResolver [restartedMain] Exposing 19 endpoint(s) beneath base path '/actuator'
2019-08-09 13:18:36,629 INFO org.apache.juli.logging.DirectJDKLog [restartedMain] Starting ProtocolHandler ["http-nio-8080"]
2019-08-09 13:18:36,634 INFO com.intuit.vkamble.biztrack.invoicing.jobs.ReconciliationJob [scheduling-1] Still reconciling - 1565378316
2019-08-09 13:18:36,659 INFO org.springframework.boot.web.embedded.tomcat.TomcatWebServer [restartedMain] Tomcat started on port(s): 8080 (http) with context path ''
2019-08-09 13:18:36,662 INFO org.springframework.boot.StartupInfoLogger [restartedMain] Started InvoicingApplication in 7.589 seconds (JVM running for 8.409)
2019-08-09 13:18:37,195 INFO org.apache.juli.logging.DirectJDKLog [RMI TCP Connection(2)-172.28.70.86] Initializing Spring DispatcherServlet 'dispatcherServlet'
2019-08-09 13:18:37,195 INFO org.springframework.web.servlet.FrameworkServlet [RMI TCP Connection(2)-172.28.70.86] Initializing Servlet 'dispatcherServlet'
2019-08-09 13:18:37,211 INFO org.springframework.web.servlet.FrameworkServlet [RMI TCP Connection(2)-172.28.70.86] Completed initialization in 15 ms
2019-08-09 13:18:45,719 ERROR com.intuit.vkamble.biztrack.invoicing.services.InvoiceService [http-nio-8080-exec-1] Invoice not found. id=1
2019-08-09 13:18:45,757 WARN org.springframework.web.servlet.handler.AbstractHandlerExceptionResolver [http-nio-8080-exec-1] Resolved [exceptions.EntityNotFoundException: Invoice with id 1 not found]
2019-08-09 13:18:45,766 INFO com.intuit.vkamble.biztrack.invoicing.intercepters.RequestInterceptor [http-nio-8080-exec-1] {"request":{"method":"GET","path":"/v1/invoices/1"},"response":{"status":404,"contentType":"application/xml;charset=UTF-8"}}
2019-08-09 13:19:05,119 INFO com.intuit.vkamble.biztrack.biztracksdk.client.BizTrackService [hystrix-BizTrackService-1] isCustomerExists with id:5
2019-08-09 13:19:05,222 INFO com.intuit.vkamble.biztrack.biztracksdk.client.BizTrackService [hystrix-BizTrackService-2] adjustDueAmount with id:5, changeInAmount:200
2019-08-09 13:19:05,401 INFO com.intuit.vkamble.biztrack.invoicing.performance.PerformanceAspect [http-nio-8080-exec-4] Execution time of InvoiceService.create :: 413 ms
2019-08-09 13:19:05,413 INFO com.intuit.vkamble.biztrack.invoicing.intercepters.RequestInterceptor [http-nio-8080-exec-4] {"request":{"method":"POST","path":"/v1/invoices","contentType":"application/json","length":"42"},"response":{"status":200,"contentType":"application/json;charset=UTF-8"}}
2019-08-09 13:19:13,405 INFO com.intuit.vkamble.biztrack.invoicing.intercepters.RequestInterceptor [http-nio-8080-exec-5] {"request":{"method":"GET","path":"/v1/invoices/1"},"response":{"status":200,"contentType":"application/xml;charset=UTF-8"}}
2019-08-09 13:19:13,419 INFO com.intuit.vkamble.biztrack.invoicing.intercepters.RequestInterceptor [http-nio-8080-exec-6] {"request":{"method":"GET","path":"/v1/invoices/1"},"response":{"status":200,"contentType":"application/xml;charset=UTF-8"}}
2019-08-09 13:19:13,451 INFO com.intuit.vkamble.biztrack.biztracksdk.client.BizTrackService [hystrix-BizTrackService-3] isCustomerExists with id:5
2019-08-09 13:19:13,472 INFO com.intuit.vkamble.biztrack.biztracksdk.client.BizTrackService [hystrix-BizTrackService-4] adjustDueAmount with id:5, changeInAmount:0.00
2019-08-09 13:19:13,512 INFO com.intuit.vkamble.biztrack.invoicing.intercepters.RequestInterceptor [http-nio-8080-exec-7] {"request":{"method":"PUT","path":"/v1/invoices/1","contentType":"application/xml;charset=UTF-8","length":"209"},"response":{"status":200,"contentType":"application/xml;charset=UTF-8"}}
2019-08-09 13:23:04,698 INFO com.intuit.vkamble.biztrack.biztracksdk.client.BizTrackService [hystrix-BizTrackService-5] isCustomerExists with id:5
2019-08-09 13:23:04,715 INFO com.intuit.vkamble.biztrack.biztracksdk.client.BizTrackService [hystrix-BizTrackService-6] adjustDueAmount with id:5, changeInAmount:200
2019-08-09 13:23:04,744 INFO com.intuit.vkamble.biztrack.invoicing.performance.PerformanceAspect [http-nio-8080-exec-10] Execution time of InvoiceService.create :: 47 ms
2019-08-09 13:23:04,747 INFO com.intuit.vkamble.biztrack.invoicing.intercepters.RequestInterceptor [http-nio-8080-exec-10] {"request":{"method":"POST","path":"/v1/invoices","contentType":"application/json","length":"42"},"response":{"status":200,"contentType":"application/json;charset=UTF-8"}}
2019-08-09 13:23:08,060 INFO com.intuit.vkamble.biztrack.invoicing.intercepters.RequestInterceptor [http-nio-8080-exec-1] {"request":{"method":"GET","path":"/v1/invoices/1"},"response":{"status":200,"contentType":"application/xml;charset=UTF-8"}}
2019-08-09 13:23:08,075 INFO com.intuit.vkamble.biztrack.invoicing.intercepters.RequestInterceptor [http-nio-8080-exec-2] {"request":{"method":"GET","path":"/v1/invoices/1"},"response":{"status":200,"contentType":"application/xml;charset=UTF-8"}}
2019-08-09 13:23:36,637 INFO com.intuit.vkamble.biztrack.invoicing.jobs.ReconciliationJob [scheduling-1] Still reconciling - 1565378616
2019-08-09 13:24:48,607 INFO org.springframework.scheduling.concurrent.ExecutorConfigurationSupport [Thread-25] Shutting down ExecutorService 'taskScheduler'
2019-08-09 13:24:48,608 INFO org.springframework.scheduling.concurrent.ExecutorConfigurationSupport [Thread-25] Shutting down ExecutorService 'applicationTaskExecutor'
2019-08-09 13:24:48,616 INFO org.springframework.orm.jpa.AbstractEntityManagerFactoryBean [Thread-25] Closing JPA EntityManagerFactory for persistence unit 'default'
2019-08-09 13:24:48,616 INFO org.hibernate.tool.schema.internal.SchemaDropperImpl$DelayedDropActionImpl [Thread-25] HHH000477: Starting delayed evictData of schema as part of SessionFactory shut-down'
2019-08-09 13:24:48,624 INFO org.springframework.beans.factory.support.DisposableBeanAdapter [Thread-25] Invocation of destroy method failed on bean with name 'inMemoryDatabaseShutdownExecutor': org.h2.jdbc.JdbcSQLNonTransientConnectionException: Database is already closed (to disable automatic closing at VM shutdown, add ";DB_CLOSE_ON_EXIT=FALSE" to the db URL) [90121-199]
2019-08-09 13:24:48,626 INFO com.zaxxer.hikari.HikariDataSource [Thread-25] HikariPool-1 - Shutdown initiated...
2019-08-09 13:24:48,628 INFO com.zaxxer.hikari.HikariDataSource [Thread-25] HikariPool-1 - Shutdown completed.
2019-08-09 13:25:00,156 INFO org.springframework.boot.logging.DeferredLog [restartedMain] Devtools property defaults active! Set 'spring.devtools.add-properties' to 'false' to disable
2019-08-09 13:25:00,697 INFO org.springframework.context.support.PostProcessorRegistrationDelegate$BeanPostProcessorChecker [restartedMain] Bean 'org.springframework.cloud.autoconfigure.ConfigurationPropertiesRebinderAutoConfiguration' of type [org.springframework.cloud.autoconfigure.ConfigurationPropertiesRebinderAutoConfiguration$$EnhancerBySpringCGLIB$$bf27304e] is not eligible for getting processed by all BeanPostProcessors (for example: not eligible for auto-proxying)
2019-08-09 13:25:01,962 INFO org.springframework.boot.SpringApplication [restartedMain] No active profile set, falling back to default profiles: default
2019-08-09 13:25:03,370 INFO org.springframework.data.repository.config.RepositoryConfigurationDelegate [restartedMain] Bootstrapping Spring Data repositories in DEFAULT mode.
2019-08-09 13:25:03,436 INFO org.springframework.data.repository.config.RepositoryConfigurationDelegate [restartedMain] Finished Spring Data repository scanning in 56ms. Found 1 repository interfaces.
2019-08-09 13:25:03,613 WARN org.springframework.boot.actuate.endpoint.EndpointId [restartedMain] Endpoint ID 'hystrix.stream' contains invalid characters, please migrate to a valid format.
2019-08-09 13:25:03,966 INFO org.springframework.cloud.context.scope.GenericScope [restartedMain] BeanFactory id=3e17952c-6174-30b8-bec7-719a7ec7f98d
2019-08-09 13:25:04,320 INFO org.springframework.context.support.PostProcessorRegistrationDelegate$BeanPostProcessorChecker [restartedMain] Bean 'org.springframework.transaction.annotation.ProxyTransactionManagementConfiguration' of type [org.springframework.transaction.annotation.ProxyTransactionManagementConfiguration$$EnhancerBySpringCGLIB$$a30d2d51] is not eligible for getting processed by all BeanPostProcessors (for example: not eligible for auto-proxying)
2019-08-09 13:25:04,398 INFO org.springframework.context.support.PostProcessorRegistrationDelegate$BeanPostProcessorChecker [restartedMain] Bean 'org.springframework.cloud.autoconfigure.ConfigurationPropertiesRebinderAutoConfiguration' of type [org.springframework.cloud.autoconfigure.ConfigurationPropertiesRebinderAutoConfiguration$$EnhancerBySpringCGLIB$$bf27304e] is not eligible for getting processed by all BeanPostProcessors (for example: not eligible for auto-proxying)
2019-08-09 13:25:05,610 INFO org.springframework.boot.web.embedded.tomcat.TomcatWebServer [restartedMain] Tomcat initialized with port(s): 8080 (http)
2019-08-09 13:25:05,629 INFO org.apache.juli.logging.DirectJDKLog [restartedMain] Initializing ProtocolHandler ["http-nio-8080"]
2019-08-09 13:25:05,643 INFO org.apache.juli.logging.DirectJDKLog [restartedMain] Starting service [Tomcat]
2019-08-09 13:25:05,643 INFO org.apache.juli.logging.DirectJDKLog [restartedMain] Starting Servlet engine: [Apache Tomcat/9.0.21]
2019-08-09 13:25:05,815 INFO org.apache.juli.logging.DirectJDKLog [restartedMain] Initializing Spring embedded WebApplicationContext
2019-08-09 13:25:05,815 INFO org.springframework.boot.web.servlet.context.ServletWebServerApplicationContext [restartedMain] Root WebApplicationContext: initialization completed in 3826 ms
2019-08-09 13:25:06,044 WARN com.netflix.config.sources.URLConfigurationSource [restartedMain] No URLs will be polled as dynamic configuration sources.
2019-08-09 13:25:06,045 INFO com.netflix.config.sources.URLConfigurationSource [restartedMain] To enable URLs as dynamic configuration sources, define System property archaius.configurationSource.additionalUrls or make config.properties available on classpath.
2019-08-09 13:25:06,055 INFO com.netflix.config.DynamicPropertyFactory [restartedMain] DynamicPropertyFactory is initialized with configuration sources: com.netflix.config.ConcurrentCompositeConfiguration@125479d4
2019-08-09 13:25:07,139 INFO org.springframework.boot.actuate.endpoint.web.ServletEndpointRegistrar [restartedMain] Registered '/actuator/hystrix.stream' to hystrix.stream-actuator-endpoint
2019-08-09 13:25:07,255 INFO com.zaxxer.hikari.HikariDataSource [restartedMain] HikariPool-1 - Starting...
2019-08-09 13:25:07,378 INFO com.zaxxer.hikari.HikariDataSource [restartedMain] HikariPool-1 - Start completed.
2019-08-09 13:25:07,450 INFO org.hibernate.jpa.internal.util.LogHelper [restartedMain] HHH000204: Processing PersistenceUnitInfo [
	name: default
	...]
2019-08-09 13:25:07,511 INFO org.hibernate.Version [restartedMain] HHH000412: Hibernate Core {5.3.10.Final}
2019-08-09 13:25:07,512 INFO org.hibernate.cfg.Environment [restartedMain] HHH000206: hibernate.properties not found
2019-08-09 13:25:07,661 INFO org.hibernate.annotations.common.reflection.java.JavaReflectionManager [restartedMain] HCANN000001: Hibernate Commons Annotations {5.0.4.Final}
2019-08-09 13:25:07,808 INFO org.hibernate.dialect.Dialect [restartedMain] HHH000400: Using dialect: org.hibernate.dialect.H2Dialect
2019-08-09 13:25:08,450 INFO org.hibernate.tool.schema.internal.SchemaCreatorImpl [restartedMain] HHH000476: Executing import script 'org.hibernate.tool.schema.internal.exec.ScriptSourceInputNonExistentImpl@515cfbf5'
2019-08-09 13:25:08,455 INFO org.springframework.orm.jpa.AbstractEntityManagerFactoryBean [restartedMain] Initialized JPA EntityManagerFactory for persistence unit 'default'
2019-08-09 13:25:08,543 INFO org.springframework.boot.devtools.autoconfigure.OptionalLiveReloadServer [restartedMain] LiveReload server is running on port 35729
2019-08-09 13:25:09,290 INFO org.hibernate.hql.internal.QueryTranslatorFactoryInitiator [restartedMain] HHH000397: Using ASTQueryTranslatorFactory
2019-08-09 13:25:09,529 WARN com.netflix.config.sources.URLConfigurationSource [restartedMain] No URLs will be polled as dynamic configuration sources.
2019-08-09 13:25:09,529 INFO com.netflix.config.sources.URLConfigurationSource [restartedMain] To enable URLs as dynamic configuration sources, define System property archaius.configurationSource.additionalUrls or make config.properties available on classpath.
2019-08-09 13:25:09,900 INFO org.springframework.scheduling.concurrent.ExecutorConfigurationSupport [restartedMain] Initializing ExecutorService 'applicationTaskExecutor'
2019-08-09 13:25:09,996 WARN org.springframework.boot.autoconfigure.orm.jpa.JpaBaseConfiguration$JpaWebConfiguration$JpaWebMvcConfiguration [restartedMain] spring.jpa.open-in-view is enabled by default. Therefore, database queries may be performed during view rendering. Explicitly configure spring.jpa.open-in-view to disable this warning
2019-08-09 13:25:10,767 INFO org.springframework.scheduling.concurrent.ExecutorConfigurationSupport [restartedMain] Initializing ExecutorService 'taskScheduler'
2019-08-09 13:25:11,159 INFO org.springframework.boot.actuate.endpoint.web.EndpointLinksResolver [restartedMain] Exposing 19 endpoint(s) beneath base path '/actuator'
2019-08-09 13:25:11,366 INFO org.apache.juli.logging.DirectJDKLog [restartedMain] Starting ProtocolHandler ["http-nio-8080"]
2019-08-09 13:25:11,375 INFO com.intuit.vkamble.biztrack.invoicing.jobs.ReconciliationJob [scheduling-1] Still reconciling - 1565378711
2019-08-09 13:25:11,425 INFO org.springframework.boot.web.embedded.tomcat.TomcatWebServer [restartedMain] Tomcat started on port(s): 8080 (http) with context path ''
2019-08-09 13:25:11,428 INFO org.springframework.boot.StartupInfoLogger [restartedMain] Started InvoicingApplication in 12.942 seconds (JVM running for 14.293)
2019-08-09 13:25:11,680 INFO org.apache.juli.logging.DirectJDKLog [RMI TCP Connection(4)-172.28.70.86] Initializing Spring DispatcherServlet 'dispatcherServlet'
2019-08-09 13:25:11,681 INFO org.springframework.web.servlet.FrameworkServlet [RMI TCP Connection(4)-172.28.70.86] Initializing Servlet 'dispatcherServlet'
2019-08-09 13:25:11,704 INFO org.springframework.web.servlet.FrameworkServlet [RMI TCP Connection(4)-172.28.70.86] Completed initialization in 23 ms
2019-08-09 13:25:24,211 ERROR com.intuit.vkamble.biztrack.invoicing.services.InvoiceService [http-nio-8080-exec-1] Invoice not found. id=1
2019-08-09 13:25:24,249 WARN org.springframework.web.servlet.handler.AbstractHandlerExceptionResolver [http-nio-8080-exec-1] Resolved [exceptions.EntityNotFoundException: Invoice with id 1 not found]
2019-08-09 13:25:24,257 INFO com.intuit.vkamble.biztrack.invoicing.intercepters.RequestInterceptor [http-nio-8080-exec-1] {"request":{"method":"GET","path":"/v1/invoices/1"},"response":{"status":404,"contentType":"application/xml;charset=UTF-8"}}
2019-08-09 13:30:11,373 INFO com.intuit.vkamble.biztrack.invoicing.jobs.ReconciliationJob [scheduling-1] Still reconciling - 1565379011
2019-08-09 13:30:23,642 ERROR com.intuit.vkamble.biztrack.invoicing.services.InvoiceService [http-nio-8080-exec-3] Invoice not found. id=1
2019-08-09 13:30:23,644 WARN org.springframework.web.servlet.handler.AbstractHandlerExceptionResolver [http-nio-8080-exec-3] Resolved [exceptions.EntityNotFoundException: Invoice with id 1 not found]
2019-08-09 13:30:23,645 INFO com.intuit.vkamble.biztrack.invoicing.intercepters.RequestInterceptor [http-nio-8080-exec-3] {"request":{"method":"GET","path":"/v1/invoices/1"},"response":{"status":404,"contentType":"application/xml;charset=UTF-8"}}
2019-08-09 13:30:51,569 INFO org.springframework.scheduling.concurrent.ExecutorConfigurationSupport [Thread-38] Shutting down ExecutorService 'taskScheduler'
2019-08-09 13:30:51,571 INFO org.springframework.scheduling.concurrent.ExecutorConfigurationSupport [Thread-38] Shutting down ExecutorService 'applicationTaskExecutor'
2019-08-09 13:30:51,577 INFO org.springframework.orm.jpa.AbstractEntityManagerFactoryBean [Thread-38] Closing JPA EntityManagerFactory for persistence unit 'default'
2019-08-09 13:30:51,577 INFO org.hibernate.tool.schema.internal.SchemaDropperImpl$DelayedDropActionImpl [Thread-38] HHH000477: Starting delayed evictData of schema as part of SessionFactory shut-down'
2019-08-09 13:30:51,587 INFO org.springframework.beans.factory.support.DisposableBeanAdapter [Thread-38] Invocation of destroy method failed on bean with name 'inMemoryDatabaseShutdownExecutor': org.h2.jdbc.JdbcSQLNonTransientConnectionException: Database is already closed (to disable automatic closing at VM shutdown, add ";DB_CLOSE_ON_EXIT=FALSE" to the db URL) [90121-199]
2019-08-09 13:30:51,588 INFO com.zaxxer.hikari.HikariDataSource [Thread-38] HikariPool-1 - Shutdown initiated...
2019-08-09 13:30:51,590 INFO com.zaxxer.hikari.HikariDataSource [Thread-38] HikariPool-1 - Shutdown completed.
